Error in row 0:
Traceback (most recent call last):
  File "/home/akshajs/Desktop/CCD-data/cactus.py", line 262, in func_call
    return await func(session, row)
           ^^^^^^^^^^^^^^^^^^^^^^^^
  File "/home/akshajs/Desktop/CCD-data/cactus.py", line 182, in situation
    llm_response = await call_llm(session, prompt)
                   ^^^^^^^^^^^^^^^^^^^^^^^^^^^^^^^
  File "/home/akshajs/Desktop/CCD-data/cactus.py", line 171, in call_llm
    obj = json.loads(content)
          ^^^^^^^^^^^^^^^^^^^
  File "/usr/lib/python3.12/json/__init__.py", line 346, in loads
    return _default_decoder.decode(s)
           ^^^^^^^^^^^^^^^^^^^^^^^^^^
  File "/usr/lib/python3.12/json/decoder.py", line 340, in decode
    raise JSONDecodeError("Extra data", s, end)
json.decoder.JSONDecodeError: Extra data: line 4 column 1 (char 145)


Error in row 3:
Traceback (most recent call last):
  File "/home/akshajs/Desktop/CCD-data/cactus.py", line 262, in func_call
    return await func(session, row)
           ^^^^^^^^^^^^^^^^^^^^^^^^
  File "/home/akshajs/Desktop/CCD-data/cactus.py", line 182, in situation
    llm_response = await call_llm(session, prompt)
                   ^^^^^^^^^^^^^^^^^^^^^^^^^^^^^^^
  File "/home/akshajs/Desktop/CCD-data/cactus.py", line 171, in call_llm
    obj = json.loads(content)
          ^^^^^^^^^^^^^^^^^^^
  File "/usr/lib/python3.12/json/__init__.py", line 346, in loads
    return _default_decoder.decode(s)
           ^^^^^^^^^^^^^^^^^^^^^^^^^^
  File "/usr/lib/python3.12/json/decoder.py", line 340, in decode
    raise JSONDecodeError("Extra data", s, end)
json.decoder.JSONDecodeError: Extra data: line 2 column 1 (char 67)


Error in row 3:
Traceback (most recent call last):
  File "/home/akshajs/Desktop/CCD-data/cactus.py", line 262, in func_call
    return await func(session, row)
           ^^^^^^^^^^^^^^^^^^^^^^^^
  File "/home/akshajs/Desktop/CCD-data/cactus.py", line 247, in conversational_styles
    llm_response = await call_llm(session, prompt)
                   ^^^^^^^^^^^^^^^^^^^^^^^^^^^^^^^
  File "/home/akshajs/Desktop/CCD-data/cactus.py", line 171, in call_llm
    obj = json.loads(content)
          ^^^^^^^^^^^^^^^^^^^
  File "/usr/lib/python3.12/json/__init__.py", line 346, in loads
    return _default_decoder.decode(s)
           ^^^^^^^^^^^^^^^^^^^^^^^^^^
  File "/usr/lib/python3.12/json/decoder.py", line 340, in decode
    raise JSONDecodeError("Extra data", s, end)
json.decoder.JSONDecodeError: Extra data: line 2 column 1 (char 102)


Error in row 21:
Traceback (most recent call last):
  File "/home/akshajs/Desktop/CCD-data/cactus.py", line 262, in func_call
    return await func(session, row)
           ^^^^^^^^^^^^^^^^^^^^^^^^
  File "/home/akshajs/Desktop/CCD-data/cactus.py", line 201, in intermediate_beliefs
    llm_response = await call_llm(session, prompt)
                   ^^^^^^^^^^^^^^^^^^^^^^^^^^^^^^^
  File "/home/akshajs/Desktop/CCD-data/cactus.py", line 171, in call_llm
    obj = json.loads(content)
          ^^^^^^^^^^^^^^^^^^^
  File "/usr/lib/python3.12/json/__init__.py", line 346, in loads
    return _default_decoder.decode(s)
           ^^^^^^^^^^^^^^^^^^^^^^^^^^
  File "/usr/lib/python3.12/json/decoder.py", line 340, in decode
    raise JSONDecodeError("Extra data", s, end)
json.decoder.JSONDecodeError: Extra data: line 4 column 1 (char 117)


Error in row 29:
Traceback (most recent call last):
  File "/home/akshajs/Desktop/CCD-data/cactus.py", line 262, in func_call
    return await func(session, row)
           ^^^^^^^^^^^^^^^^^^^^^^^^
  File "/home/akshajs/Desktop/CCD-data/cactus.py", line 201, in intermediate_beliefs
    llm_response = await call_llm(session, prompt)
                   ^^^^^^^^^^^^^^^^^^^^^^^^^^^^^^^
  File "/home/akshajs/Desktop/CCD-data/cactus.py", line 171, in call_llm
    obj = json.loads(content)
          ^^^^^^^^^^^^^^^^^^^
  File "/usr/lib/python3.12/json/__init__.py", line 346, in loads
    return _default_decoder.decode(s)
           ^^^^^^^^^^^^^^^^^^^^^^^^^^
  File "/usr/lib/python3.12/json/decoder.py", line 340, in decode
    raise JSONDecodeError("Extra data", s, end)
json.decoder.JSONDecodeError: Extra data: line 4 column 1 (char 205)


Error in row 29:
Traceback (most recent call last):
  File "/home/akshajs/Desktop/CCD-data/cactus.py", line 262, in func_call
    return await func(session, row)
           ^^^^^^^^^^^^^^^^^^^^^^^^
  File "/home/akshajs/Desktop/CCD-data/cactus.py", line 247, in conversational_styles
    llm_response = await call_llm(session, prompt)
                   ^^^^^^^^^^^^^^^^^^^^^^^^^^^^^^^
  File "/home/akshajs/Desktop/CCD-data/cactus.py", line 171, in call_llm
    obj = json.loads(content)
          ^^^^^^^^^^^^^^^^^^^
  File "/usr/lib/python3.12/json/__init__.py", line 346, in loads
    return _default_decoder.decode(s)
           ^^^^^^^^^^^^^^^^^^^^^^^^^^
  File "/usr/lib/python3.12/json/decoder.py", line 340, in decode
    raise JSONDecodeError("Extra data", s, end)
json.decoder.JSONDecodeError: Extra data: line 4 column 1 (char 116)


Error in row 3:
Traceback (most recent call last):
  File "D:\work\PycharmProjects\cactus-data-processing\cactus.py", line 262, in func_call
    return await func(session, row)
           ^^^^^^^^^^^^^^^^^^^^^^^^
  File "D:\work\PycharmProjects\cactus-data-processing\cactus.py", line 247, in conversational_styles
    llm_response = await call_llm(session, prompt)
                   ^^^^^^^^^^^^^^^^^^^^^^^^^^^^^^^
  File "D:\work\PycharmProjects\cactus-data-processing\cactus.py", line 171, in call_llm
    obj = json.loads(content)
  File "C:\Users\Lenovo\AppData\Local\Python\pythoncore-3.14-64\Lib\json\__init__.py", line 352, in loads
    return _default_decoder.decode(s)
           ~~~~~~~~~~~~~~~~~~~~~~~^^^
  File "C:\Users\Lenovo\AppData\Local\Python\pythoncore-3.14-64\Lib\json\decoder.py", line 348, in decode
    raise JSONDecodeError("Extra data", s, end)
json.decoder.JSONDecodeError: Extra data: line 2 column 1 (char 104)


Error in row 0, intermediate_beliefs (Attempt 1):
Traceback (most recent call last):
  File "C:\Users\Lenovo\AppData\Local\Python\pythoncore-3.14-64\Lib\site-packages\aiohttp\client_reqrep.py", line 539, in start
    message, payload = await protocol.read()  # type: ignore[union-attr]
                       ^^^^^^^^^^^^^^^^^^^^^
  File "C:\Users\Lenovo\AppData\Local\Python\pythoncore-3.14-64\Lib\site-packages\aiohttp\streams.py", line 703, in read
    await self._waiter
asyncio.exceptions.CancelledError

The above exception was the direct cause of the following exception:

Traceback (most recent call last):
  File "D:\work\PycharmProjects\cactus-data-processing\generator.py", line 268, in func_call
    result = await func(session, row)
             ^^^^^^^^^^^^^^^^^^^^^^^^
  File "D:\work\PycharmProjects\cactus-data-processing\generator.py", line 203, in intermediate_beliefs
    llm_response = await call_llm(session, prompt)
                   ^^^^^^^^^^^^^^^^^^^^^^^^^^^^^^^
  File "D:\work\PycharmProjects\cactus-data-processing\generator.py", line 167, in call_llm
    async with session.post(f"{BASE_URL}/api/chat", json=payload, timeout=120) as resp:
               ~~~~~~~~~~~~^^^^^^^^^^^^^^^^^^^^^^^^^^^^^^^^^^^^^^^^^^^^^^^^^^^
  File "C:\Users\Lenovo\AppData\Local\Python\pythoncore-3.14-64\Lib\site-packages\aiohttp\client.py", line 1510, in __aenter__
    self._resp: _RetType = await self._coro
                           ^^^^^^^^^^^^^^^^
  File "C:\Users\Lenovo\AppData\Local\Python\pythoncore-3.14-64\Lib\site-packages\aiohttp\client.py", line 779, in _request
    resp = await handler(req)
           ^^^^^^^^^^^^^^^^^^
  File "C:\Users\Lenovo\AppData\Local\Python\pythoncore-3.14-64\Lib\site-packages\aiohttp\client.py", line 757, in _connect_and_send_request
    await resp.start(conn)
  File "C:\Users\Lenovo\AppData\Local\Python\pythoncore-3.14-64\Lib\site-packages\aiohttp\client_reqrep.py", line 534, in start
    with self._timer:
         ^^^^^^^^^^^
  File "C:\Users\Lenovo\AppData\Local\Python\pythoncore-3.14-64\Lib\site-packages\aiohttp\helpers.py", line 713, in __exit__
    raise asyncio.TimeoutError from exc_val
TimeoutError


Error in row 0, conversational_styles (Attempt 1):
Traceback (most recent call last):
  File "D:\work\PycharmProjects\cactus-data-processing\generator.py", line 268, in func_call
    result = await func(session, row)
             ^^^^^^^^^^^^^^^^^^^^^^^^
  File "D:\work\PycharmProjects\cactus-data-processing\generator.py", line 245, in conversational_styles
    llm_response = await call_llm(session, prompt)
                   ^^^^^^^^^^^^^^^^^^^^^^^^^^^^^^^
  File "D:\work\PycharmProjects\cactus-data-processing\generator.py", line 172, in call_llm
    obj = json.loads(content)
  File "C:\Users\Lenovo\AppData\Local\Python\pythoncore-3.14-64\Lib\json\__init__.py", line 352, in loads
    return _default_decoder.decode(s)
           ~~~~~~~~~~~~~~~~~~~~~~~^^^
  File "C:\Users\Lenovo\AppData\Local\Python\pythoncore-3.14-64\Lib\json\decoder.py", line 348, in decode
    raise JSONDecodeError("Extra data", s, end)
json.decoder.JSONDecodeError: Extra data: line 2 column 1 (char 96)


Error in row 3, intermediate_beliefs (Attempt 1):
Traceback (most recent call last):
  File "D:\work\PycharmProjects\cactus-data-processing\generator.py", line 268, in func_call
    result = await func(session, row)
             ^^^^^^^^^^^^^^^^^^^^^^^^
  File "D:\work\PycharmProjects\cactus-data-processing\generator.py", line 203, in intermediate_beliefs
    llm_response = await call_llm(session, prompt)
                   ^^^^^^^^^^^^^^^^^^^^^^^^^^^^^^^
  File "D:\work\PycharmProjects\cactus-data-processing\generator.py", line 172, in call_llm
    obj = json.loads(content)
  File "C:\Users\Lenovo\AppData\Local\Python\pythoncore-3.14-64\Lib\json\__init__.py", line 352, in loads
    return _default_decoder.decode(s)
           ~~~~~~~~~~~~~~~~~~~~~~~^^^
  File "C:\Users\Lenovo\AppData\Local\Python\pythoncore-3.14-64\Lib\json\decoder.py", line 348, in decode
    raise JSONDecodeError("Extra data", s, end)
json.decoder.JSONDecodeError: Extra data: line 4 column 1 (char 209)


Error in row 3, conversational_styles (Attempt 1):
Traceback (most recent call last):
  File "D:\work\PycharmProjects\cactus-data-processing\generator.py", line 268, in func_call
    result = await func(session, row)
             ^^^^^^^^^^^^^^^^^^^^^^^^
  File "D:\work\PycharmProjects\cactus-data-processing\generator.py", line 245, in conversational_styles
    llm_response = await call_llm(session, prompt)
                   ^^^^^^^^^^^^^^^^^^^^^^^^^^^^^^^
  File "D:\work\PycharmProjects\cactus-data-processing\generator.py", line 172, in call_llm
    obj = json.loads(content)
  File "C:\Users\Lenovo\AppData\Local\Python\pythoncore-3.14-64\Lib\json\__init__.py", line 352, in loads
    return _default_decoder.decode(s)
           ~~~~~~~~~~~~~~~~~~~~~~~^^^
  File "C:\Users\Lenovo\AppData\Local\Python\pythoncore-3.14-64\Lib\json\decoder.py", line 348, in decode
    raise JSONDecodeError("Extra data", s, end)
json.decoder.JSONDecodeError: Extra data: line 2 column 1 (char 116)


Error in row 3, conversational_styles (Attempt 2):
Traceback (most recent call last):
  File "D:\work\PycharmProjects\cactus-data-processing\generator.py", line 268, in func_call
    result = await func(session, row)
             ^^^^^^^^^^^^^^^^^^^^^^^^
  File "D:\work\PycharmProjects\cactus-data-processing\generator.py", line 245, in conversational_styles
    llm_response = await call_llm(session, prompt)
                   ^^^^^^^^^^^^^^^^^^^^^^^^^^^^^^^
  File "D:\work\PycharmProjects\cactus-data-processing\generator.py", line 172, in call_llm
    obj = json.loads(content)
  File "C:\Users\Lenovo\AppData\Local\Python\pythoncore-3.14-64\Lib\json\__init__.py", line 352, in loads
    return _default_decoder.decode(s)
           ~~~~~~~~~~~~~~~~~~~~~~~^^^
  File "C:\Users\Lenovo\AppData\Local\Python\pythoncore-3.14-64\Lib\json\decoder.py", line 348, in decode
    raise JSONDecodeError("Extra data", s, end)
json.decoder.JSONDecodeError: Extra data: line 2 column 1 (char 107)


Error in row 12, conversational_styles (Attempt 1):
Traceback (most recent call last):
  File "D:\work\PycharmProjects\cactus-data-processing\generator.py", line 268, in func_call
    result = await func(session, row)
             ^^^^^^^^^^^^^^^^^^^^^^^^
  File "D:\work\PycharmProjects\cactus-data-processing\generator.py", line 245, in conversational_styles
    llm_response = await call_llm(session, prompt)
                   ^^^^^^^^^^^^^^^^^^^^^^^^^^^^^^^
  File "D:\work\PycharmProjects\cactus-data-processing\generator.py", line 172, in call_llm
    obj = json.loads(content)
  File "C:\Users\Lenovo\AppData\Local\Python\pythoncore-3.14-64\Lib\json\__init__.py", line 352, in loads
    return _default_decoder.decode(s)
           ~~~~~~~~~~~~~~~~~~~~~~~^^^
  File "C:\Users\Lenovo\AppData\Local\Python\pythoncore-3.14-64\Lib\json\decoder.py", line 348, in decode
    raise JSONDecodeError("Extra data", s, end)
json.decoder.JSONDecodeError: Extra data: line 2 column 1 (char 102)


Error in row 21, intermediate_beliefs (Attempt 1):
Traceback (most recent call last):
  File "D:\work\PycharmProjects\cactus-data-processing\generator.py", line 268, in func_call
    result = await func(session, row)
             ^^^^^^^^^^^^^^^^^^^^^^^^
  File "D:\work\PycharmProjects\cactus-data-processing\generator.py", line 203, in intermediate_beliefs
    llm_response = await call_llm(session, prompt)
                   ^^^^^^^^^^^^^^^^^^^^^^^^^^^^^^^
  File "D:\work\PycharmProjects\cactus-data-processing\generator.py", line 172, in call_llm
    obj = json.loads(content)
  File "C:\Users\Lenovo\AppData\Local\Python\pythoncore-3.14-64\Lib\json\__init__.py", line 352, in loads
    return _default_decoder.decode(s)
           ~~~~~~~~~~~~~~~~~~~~~~~^^^
  File "C:\Users\Lenovo\AppData\Local\Python\pythoncore-3.14-64\Lib\json\decoder.py", line 348, in decode
    raise JSONDecodeError("Extra data", s, end)
json.decoder.JSONDecodeError: Extra data: line 4 column 1 (char 116)


Error in row 21, conversational_styles (Attempt 1):
Traceback (most recent call last):
  File "D:\work\PycharmProjects\cactus-data-processing\generator.py", line 268, in func_call
    result = await func(session, row)
             ^^^^^^^^^^^^^^^^^^^^^^^^
  File "D:\work\PycharmProjects\cactus-data-processing\generator.py", line 245, in conversational_styles
    llm_response = await call_llm(session, prompt)
                   ^^^^^^^^^^^^^^^^^^^^^^^^^^^^^^^
  File "D:\work\PycharmProjects\cactus-data-processing\generator.py", line 172, in call_llm
    obj = json.loads(content)
  File "C:\Users\Lenovo\AppData\Local\Python\pythoncore-3.14-64\Lib\json\__init__.py", line 352, in loads
    return _default_decoder.decode(s)
           ~~~~~~~~~~~~~~~~~~~~~~~^^^
  File "C:\Users\Lenovo\AppData\Local\Python\pythoncore-3.14-64\Lib\json\decoder.py", line 348, in decode
    raise JSONDecodeError("Extra data", s, end)
json.decoder.JSONDecodeError: Extra data: line 2 column 1 (char 75)


Error in row 21, conversational_styles (Attempt 2):
Traceback (most recent call last):
  File "D:\work\PycharmProjects\cactus-data-processing\generator.py", line 268, in func_call
    result = await func(session, row)
             ^^^^^^^^^^^^^^^^^^^^^^^^
  File "D:\work\PycharmProjects\cactus-data-processing\generator.py", line 245, in conversational_styles
    llm_response = await call_llm(session, prompt)
                   ^^^^^^^^^^^^^^^^^^^^^^^^^^^^^^^
  File "D:\work\PycharmProjects\cactus-data-processing\generator.py", line 172, in call_llm
    obj = json.loads(content)
  File "C:\Users\Lenovo\AppData\Local\Python\pythoncore-3.14-64\Lib\json\__init__.py", line 352, in loads
    return _default_decoder.decode(s)
           ~~~~~~~~~~~~~~~~~~~~~~~^^^
  File "C:\Users\Lenovo\AppData\Local\Python\pythoncore-3.14-64\Lib\json\decoder.py", line 348, in decode
    raise JSONDecodeError("Extra data", s, end)
json.decoder.JSONDecodeError: Extra data: line 2 column 1 (char 61)


Error in row 29, conversational_styles (Attempt 1):
Traceback (most recent call last):
  File "D:\work\PycharmProjects\cactus-data-processing\generator.py", line 268, in func_call
    result = await func(session, row)
             ^^^^^^^^^^^^^^^^^^^^^^^^
  File "D:\work\PycharmProjects\cactus-data-processing\generator.py", line 245, in conversational_styles
    llm_response = await call_llm(session, prompt)
                   ^^^^^^^^^^^^^^^^^^^^^^^^^^^^^^^
  File "D:\work\PycharmProjects\cactus-data-processing\generator.py", line 172, in call_llm
    obj = json.loads(content)
  File "C:\Users\Lenovo\AppData\Local\Python\pythoncore-3.14-64\Lib\json\__init__.py", line 352, in loads
    return _default_decoder.decode(s)
           ~~~~~~~~~~~~~~~~~~~~~~~^^^
  File "C:\Users\Lenovo\AppData\Local\Python\pythoncore-3.14-64\Lib\json\decoder.py", line 348, in decode
    raise JSONDecodeError("Extra data", s, end)
json.decoder.JSONDecodeError: Extra data: line 2 column 1 (char 114)


Error in row 29, conversational_styles (Attempt 2):
Traceback (most recent call last):
  File "D:\work\PycharmProjects\cactus-data-processing\generator.py", line 268, in func_call
    result = await func(session, row)
             ^^^^^^^^^^^^^^^^^^^^^^^^
  File "D:\work\PycharmProjects\cactus-data-processing\generator.py", line 245, in conversational_styles
    llm_response = await call_llm(session, prompt)
                   ^^^^^^^^^^^^^^^^^^^^^^^^^^^^^^^
  File "D:\work\PycharmProjects\cactus-data-processing\generator.py", line 172, in call_llm
    obj = json.loads(content)
  File "C:\Users\Lenovo\AppData\Local\Python\pythoncore-3.14-64\Lib\json\__init__.py", line 352, in loads
    return _default_decoder.decode(s)
           ~~~~~~~~~~~~~~~~~~~~~~~^^^
  File "C:\Users\Lenovo\AppData\Local\Python\pythoncore-3.14-64\Lib\json\decoder.py", line 348, in decode
    raise JSONDecodeError("Extra data", s, end)
json.decoder.JSONDecodeError: Extra data: line 2 column 1 (char 90)


